[2026-03-05 20:04:13] [INFO] [main/precheck_auth] - 探测到有效期内本地凭证，进行静默 HTTP 通透性预检...
[2026-03-05 20:04:18] [WARNING] [main/_apply_stealth] - 隐身：未找到 stealth.min.js，将使用降级版 webdriver 隐藏脚本(弱隐藏)！
[2026-03-05 20:04:18] [DEBUG] [main/precheck_auth] - 向测试接口 https://h.liepin.com/search/getConditionItem 抛出鉴权侦查
[2026-03-05 20:04:19] [WARNING] [main/precheck_auth] - ❌ 预检失败：状态码为200但返回体是 text/html;charset=utf-8 (可能被重定向拦截页或滑块阻击)。
[2026-03-05 20:04:19] [WARNING] [main/precheck_auth] - 🧹 [WARN] Session 已失效，清理无效旧凭证避免沙盒污染...
[2026-03-05 20:04:21] [INFO] [main/init_browser] - 采用空环境开启 Context 进行全新登录
[2026-03-05 20:04:21] [WARNING] [main/_apply_stealth] - 隐身：未找到 stealth.min.js，将使用降级版 webdriver 隐藏脚本(弱隐藏)！
[2026-03-05 20:04:22] [INFO] [main/run] - 凭证失效或不存在，即将唤起UI完成全套主流程认证。
[2026-03-05 20:04:22] [INFO] [main/login] - [Login Step 1/6] 导航至猎聘登录页...
[2026-03-05 20:04:26] [INFO] [main/login] - [Login Step 2/6] 尝试切换密码登录模式
[2026-03-05 20:04:26] [DEBUG] [main/login] - 找到'密码登录'选项卡，正进行点击...
[2026-03-05 20:04:28] [INFO] [main/login] - [Login Step 3/6] 开始定位账户密码输入框
[2026-03-05 20:04:28] [DEBUG] [main/login] - 填充用户名...
[2026-03-05 20:04:31] [DEBUG] [main/login] - 填充密码...
[2026-03-05 20:04:34] [INFO] [main/login] - ⏳ [Login Step 4/6] 提交登录表单...
[2026-03-05 20:04:34] [DEBUG] [main/login] - 提交完毕，等待页面响应并尝试激活滑块...
[2026-03-05 20:04:40] [INFO] [main/login] - [Login Step 5/6] 调用沙箱验证码检测逻辑...
[2026-03-05 20:04:41] [DEBUG] [main/login] - 📸 已保存点击登录后的现场截图至 'debug_after_login_click.png'
[2026-03-05 20:04:41] [INFO] [slider_solver/solve_captcha_if_exists] -    > 🛡️ [Captcha Check] 尝试侦测是否有安全校验证弹窗...
[2026-03-05 20:04:41] [INFO] [slider_solver/solve_captcha_if_exists] -    > 🛑 [Captcha Detected] 识别到腾讯沙箱验证码环境，准备规避 (Anti-Bot)
[2026-03-05 20:04:43] [INFO] [slider_solver/solve_captcha_if_exists] -    > 🧠 自研图像缺口匹配算法计算中...
[2026-03-05 20:04:43] [INFO] [slider_solver/solve_captcha_if_exists] -    > 📍 图像逻辑估算缺口位置原始偏移值 X=258
[2026-03-05 20:04:43] [INFO] [slider_solver/solve_captcha_if_exists] -    > 🔍 尝试通过在 Sandbox 内注入 JS 直接提取滑块与背景长宽尺寸...
[2026-03-05 20:04:43] [INFO] [slider_solver/solve_captcha_if_exists] -    > 🧠 自研图像缺口匹配算法计算中...
[2026-03-05 20:04:43] [INFO] [slider_solver/solve_captcha_if_exists] -    > 📍 图像逻辑估算缺口位置原始偏移值 X=258
[2026-03-05 20:04:43] [INFO] [slider_solver/solve_captcha_if_exists] -    > 📏 本地CV无需缩放，需要托拽有效物理距离: 222.50px
[2026-03-05 20:04:44] [INFO] [slider_solver/perform_slide] - 📐 规划滑动总步数: 22，开始拖拽...
[2026-03-05 20:04:44] [INFO] [slider_solver/perform_slide] -    > 🐾 轨迹执行中... 步数: 5/22, 当前相对偏移: 19.0px
[2026-03-05 20:04:44] [INFO] [slider_solver/perform_slide] -    > 🐾 轨迹执行中... 步数: 10/22, 当前相对偏移: 73.0px
[2026-03-05 20:04:44] [INFO] [slider_solver/perform_slide] -    > 🐾 轨迹执行中... 步数: 15/22, 当前相对偏移: 153.0px
[2026-03-05 20:04:45] [INFO] [slider_solver/perform_slide] -    > 🐾 轨迹执行中... 步数: 20/22, 当前相对偏移: 223.0px
[2026-03-05 20:04:45] [INFO] [slider_solver/perform_slide] -    > 🐾 轨迹执行中... 步数: 22/22, 当前相对偏移: 221.0px
[2026-03-05 20:04:45] [INFO] [slider_solver/perform_slide] - ✓ 物理滑动完毕
[2026-03-05 20:04:48] [INFO] [slider_solver/solve_captcha_if_exists] -    > 🚀 TCaptcha 沙箱验证通过！(本地CV)
[2026-03-05 20:04:48] [DEBUG] [main/login] - 再次等待页面结算跳转 (3秒)...
[2026-03-05 20:04:52] [INFO] [main/login] - [Login Step 6/6] ✅ 登录判定成功！正在保存 Cookie 和 LocalStorage 至 auth.json...
[2026-03-05 20:04:55] [INFO] [main/execute_search] - 🗺️ 导航至找人页面...
[2026-03-05 20:04:58] [INFO] [main/execute_search] - 📂 加载测试参数表格 D:\ljg\leipin\test_search.xlsx
[2026-03-05 20:04:58] [INFO] [main/execute_search] - =======================
[2026-03-05 20:04:58] [INFO] [main/execute_search] - 🔄 开始执行第 1 条搜索条件
[2026-03-05 20:04:58] [DEBUG] [main/execute_search] - 🧹 字段清洗原参数: {'职位名称': '资深Java架构师（卫星物联网方向）', '公司名称': '成都卫讯科技有限公司', '工作城市': '成都', '经验要求': '8年以上', '学历要求': '统招本科及以上学历', '年龄要求': nan, '性别要求': nan, '薪资范围': '50W~80W/年', '搜索关键词/摘要': '资深Java架构师（卫星物联网方向） Redis Kafka MySQL Elasticsearch SpringBoot SpringCloud MyBatis Docker K8s NB IoT LoRa 统招 运维', '简历描述对比': '岗位职责：\n【岗位职责】\n1.负责公司卫星物联网业务平台的整体架构设计与技术演进规划，支撑百万级终端接入的系统扩展需求；\n2.主导物联网平台微服务化、模块化设计，实现高可靠、高可用、高并发的业务架构；\n3.制定物联网平台数据采集、设备管理、业务规则引擎、实时数据处理等核心模块的技术方案；\n4.推动架构落地，指导开发团队实现关键技术模块，解决性能、稳定性、扩展性等架构级问题；\n5.建立并推广物联网平台开发规范、技术标准和部署运维体系，提升团队整体交付质量。\n\n岗位要求：\n【岗位要求】\n1.统招本科及以上学历，计算机相关专业，8年以上Java开发经验，5年以上大型分布式系统架构设计经验；\n2.必须具有物联网平台架构经验，熟悉设备接入、消息协议、数据采集、状态监控等典型物联网业务场景；\n3.精通领域驱动设计，具备微服务拆分、服务治理、分布式事务等实战经验；\n4.熟悉Redis、Kafka、MySQL、Elasticsearch等中间件，具备高并发场景下的性能调优经验；\n5.精通SpringBoot、SpringCloud、MyBatis等主流框架，熟悉Docker、K8s等容器化部署与运维；\n6.具备良好的系统规划能力，能输出清晰的技术架构文档，并具备较强的团队协作与客户沟通能力；\n7.有低代码/无代码平台、规则引擎、大数据处理经验者优先；\n8.了解卫星通信、窄带物联网（NB-IoT/LoRa）等通信协议或行业背景者优先。', '活跃度': '7天内活跃'}
[2026-03-05 20:04:58] [DEBUG] [main/execute_search] - 🧼 字段清洗后参数: {'职位名称': '资深Java架构师 卫星物联网', '公司名称': '成都卫讯科技有限公司', '工作城市': '成都', '经验要求': '8-99', '学历要求': '本科', '年龄要求': nan, '性别要求': nan, '薪资范围': '50W~80W/年', '搜索关键词/摘要': '资深Java架构师（卫星物联网方向） Redis Kafka MySQL Elasticsearch SpringBoot SpringCloud MyBatis Docker K8s NB IoT LoRa 统招 运维', '简历描述对比': '岗位职责：\n【岗位职责】\n1.负责公司卫星物联网业务平台的整体架构设计与技术演进规划，支撑百万级终端接入的系统扩展需求；\n2.主导物联网平台微服务化、模块化设计，实现高可靠、高可用、高并发的业务架构；\n3.制定物联网平台数据采集、设备管理、业务规则引擎、实时数据处理等核心模块的技术方案；\n4.推动架构落地，指导开发团队实现关键技术模块，解决性能、稳定性、扩展性等架构级问题；\n5.建立并推广物联网平台开发规范、技术标准和部署运维体系，提升团队整体交付质量。\n\n岗位要求：\n【岗位要求】\n1.统招本科及以上学历，计算机相关专业，8年以上Java开发经验，5年以上大型分布式系统架构设计经验；\n2.必须具有物联网平台架构经验，熟悉设备接入、消息协议、数据采集、状态监控等典型物联网业务场景；\n3.精通领域驱动设计，具备微服务拆分、服务治理、分布式事务等实战经验；\n4.熟悉Redis、Kafka、MySQL、Elasticsearch等中间件，具备高并发场景下的性能调优经验；\n5.精通SpringBoot、SpringCloud、MyBatis等主流框架，熟悉Docker、K8s等容器化部署与运维；\n6.具备良好的系统规划能力，能输出清晰的技术架构文档，并具备较强的团队协作与客户沟通能力；\n7.有低代码/无代码平台、规则引擎、大数据处理经验者优先；\n8.了解卫星通信、窄带物联网（NB-IoT/LoRa）等通信协议或行业背景者优先。', '活跃度': '7天内活跃'}
[2026-03-05 20:04:58] [INFO] [main/execute_search] - 🌀 [搜索层级] 当前投入的搜索主词: 资深Java架构师 卫星物联网
[2026-03-05 20:04:58] [INFO] [LiepinSearch_Extractor/fill_search_condition] - 🔍 准备施加搜索条件: 资深Java架构师 卫星物联网
[2026-03-05 20:04:58] [DEBUG] [LiepinSearch_Extractor/fill_search_condition] - 🤔 [拟人] 执行页面随机沉思沉浸浏览...
[2026-03-05 20:05:02] [DEBUG] [LiepinSearch_Extractor/fill_search_condition] - 📸 截取了开始定位输入框前的界面: debug_before_search_input.png
[2026-03-05 20:05:02] [INFO] [LiepinSearch_Extractor/fill_search_condition] - 🛠️ [Phase 7] 启动稳态预检与交互式表单重构流程...
[2026-03-05 20:05:02] [DEBUG] [LiepinSearch_Extractor/fill_search_condition] - ✅ [稳态预检] 检测到条件搜索基础面板渲染完毕。
[2026-03-05 20:05:03] [DEBUG] [LiepinSearch_Extractor/fill_search_condition] - ⌨️ [隐匿模式] 按序缓注 '资深Java架构师 卫星物联网'...
[2026-03-05 20:05:06] [INFO] [LiepinSearch_Extractor/fill_search_condition] - ✅ 核心职位名称精准拟人注入完成: '资深Java架构师 卫星物联网'
[2026-03-05 20:05:16] [INFO] [LiepinSearch_Extractor/fill_search_condition] - 🎓 [INFO] 成功点选学历 Tag: 本科, 硕士, 博士/博士后
[2026-03-05 20:05:18] [INFO] [LiepinSearch_Extractor/fill_search_condition] - ✅ 成功勾选活跃度: 7天内活跃
[2026-03-05 20:05:18] [DEBUG] [LiepinSearch_Extractor/fill_search_condition] - 🔍 [DEBUG] 提交前页面显示的全局活动 Tag: []
[2026-03-05 20:05:23] [INFO] [LiepinSearch_Extractor/process_list_and_save] - 📊 当前条件下命中 0 条，计划抽取前 0 条
[2026-03-05 20:05:23] [INFO] [main/execute_search] - 📉 [降维触发] 命中 0 条 (< 5)。抛弃末尾词块 '卫星物联网'，即将重新重置降级搜索: 资深Java架构师
[2026-03-05 20:05:26] [INFO] [main/execute_search] - 🌀 [搜索层级] 当前投入的搜索主词: 资深Java架构师
[2026-03-05 20:05:26] [INFO] [LiepinSearch_Extractor/fill_search_condition] - 🔍 准备施加搜索条件: 资深Java架构师
[2026-03-05 20:05:26] [DEBUG] [LiepinSearch_Extractor/fill_search_condition] - 🤔 [拟人] 执行页面随机沉思沉浸浏览...
[2026-03-05 20:05:29] [DEBUG] [LiepinSearch_Extractor/fill_search_condition] - 📸 截取了开始定位输入框前的界面: debug_before_search_input.png
[2026-03-05 20:05:29] [INFO] [LiepinSearch_Extractor/fill_search_condition] - 🛠️ [Phase 7] 启动稳态预检与交互式表单重构流程...
[2026-03-05 20:05:29] [DEBUG] [LiepinSearch_Extractor/fill_search_condition] - ✅ [稳态预检] 检测到条件搜索基础面板渲染完毕。
[2026-03-05 20:05:30] [DEBUG] [LiepinSearch_Extractor/fill_search_condition] - ⌨️ [隐匿模式] 按序缓注 '资深Java架构师'...
[2026-03-05 20:05:34] [WARNING] [LiepinSearch_Extractor/fill_search_condition] - ⚠️ [WARNING] 输入框字符污染！预期: '资深Java架构师', 实际: '资深Java构师'
[2026-03-05 20:05:43] [INFO] [LiepinSearch_Extractor/fill_search_condition] - 🎓 [INFO] 成功点选学历 Tag: 本科, 硕士, 博士/博士后
[2026-03-05 20:05:45] [INFO] [LiepinSearch_Extractor/fill_search_condition] - ✅ 成功勾选活跃度: 7天内活跃
[2026-03-05 20:05:46] [DEBUG] [LiepinSearch_Extractor/fill_search_condition] - 🔍 [DEBUG] 提交前页面显示的全局活动 Tag: []
[2026-03-05 20:05:50] [INFO] [LiepinSearch_Extractor/process_list_and_save] - 📊 当前条件下命中 0 条，计划抽取前 0 条
[2026-03-05 20:05:50] [INFO] [main/execute_search] - ⚠️ [达到底限] 关键词只剩 '资深Java架构师' 但命中依然是 0。停止回退搜寻。
[2026-03-05 20:05:50] [INFO] [main/execute_search] - ♻️ [Reset] 抽取大循环完毕，执行页面重置机制防止特征污染叠加...
[2026-03-05 20:05:52] [INFO] [main/execute_search] - ✅ 第 1 条搜索条件流转并抽调完毕
[2026-03-05 20:05:54] [INFO] [main/execute_search] - =======================
[2026-03-05 20:05:54] [INFO] [main/execute_search] - 🔄 开始执行第 2 条搜索条件
[2026-03-05 20:05:54] [DEBUG] [main/execute_search] - 🧹 字段清洗原参数: {'职位名称': '电力电子博士（大功率电源研发岗）', '公司名称': '山东艾诺智能仪器有限公司', '工作城市': '济南', '经验要求': nan, '学历要求': '①博士/博士后：可接受应届  ②同行业经验5年+的双985、211硕士', '年龄要求': nan, '性别要求': nan, '薪资范围': '40-70W，优秀可谈', '搜索关键词/摘要': '电力电子博士（大功率电源研发岗） 40W 70W AC DC LLC IGBT MOSET PS 产品 经理', '简历描述对比': '岗位职责：\n直接上司职位：总经理/创研院院长\n工作地点*：山东济南\n上班时间：周一到周五8:15-17:15\n职缺原因*：新增☑  替换□\n需求人数*:\t3人\n薪水范围及结构*:年包40W-70W都可以谈，根据人选技术水平可适当上浮。\n补    贴：\t根据人选技术水平再定。\n福    利*:\t☑ 五险一金 ☑ 年终奖 ☑ 带薪年假□ 提供住宿 ☑ 工作餐 □ 交通补贴 ☐ 其他_____\n核心职责*:（可三点内概括）\n1、组织攻克和解决产品开发过程中的关键技术问题和产品生产过程中的重大技术问题\n2、负责电力电子产品的硬件系统规划设计，包含但不仅限于主电路的拓扑研究设计、及控制电路规划设计\n3、负责AC-DC，DC-DC设计，正激、反激、全桥、半桥、LLC等电源的各种拓扑结构设计，功率器件IGBT、MOSET的应用设计\n三、职位基本要求\n硬性要求*：\n1、学历要求：①博士/博士后：可接受应届  ②同行业经验5年+的双92硕士\n2、男士\n3、40岁以下，可根据优秀程度适当放宽1-2岁\n特殊要求:\t无\n四、挖角方向*\n希望候选人来源地区:\t无特殊要求，能接受在济南工作即可。\n希望候选人来源行业:\t行业无特殊要求，要做过工业化场景下大功率电源的，电力电子相关的。\n目标公司：台达电子、汇川、阳光电源、合肥科威尔、西安爱科赛博、威海广泰、青岛仪迪、青岛艾普、济南博奥斯……类似企业都可以\nPS：济南沃森电源的人不要\n\n岗位要求：\n', '活跃度': '7天内活跃'}
[2026-03-05 20:05:54] [DEBUG] [main/execute_search] - 🧼 字段清洗后参数: {'职位名称': '电力电子博士 大功率电源研发', '公司名称': '山东艾诺智能仪器有限公司', '工作城市': '济南', '经验要求': nan, '学历要求': '博士/博士后', '年龄要求': nan, '性别要求': nan, '薪资范围': '40-70W，优秀可谈', '搜索关键词/摘要': '电力电子博士（大功率电源研发岗） 40W 70W AC DC LLC IGBT MOSET PS 产品 经理', '简历描述对比': '岗位职责：\n直接上司职位：总经理/创研院院长\n工作地点*：山东济南\n上班时间：周一到周五8:15-17:15\n职缺原因*：新增☑  替换□\n需求人数*:\t3人\n薪水范围及结构*:年包40W-70W都可以谈，根据人选技术水平可适当上浮。\n补    贴：\t根据人选技术水平再定。\n福    利*:\t☑ 五险一金 ☑ 年终奖 ☑ 带薪年假□ 提供住宿 ☑ 工作餐 □ 交通补贴 ☐ 其他_____\n核心职责*:（可三点内概括）\n1、组织攻克和解决产品开发过程中的关键技术问题和产品生产过程中的重大技术问题\n2、负责电力电子产品的硬件系统规划设计，包含但不仅限于主电路的拓扑研究设计、及控制电路规划设计\n3、负责AC-DC，DC-DC设计，正激、反激、全桥、半桥、LLC等电源的各种拓扑结构设计，功率器件IGBT、MOSET的应用设计\n三、职位基本要求\n硬性要求*：\n1、学历要求：①博士/博士后：可接受应届  ②同行业经验5年+的双92硕士\n2、男士\n3、40岁以下，可根据优秀程度适当放宽1-2岁\n特殊要求:\t无\n四、挖角方向*\n希望候选人来源地区:\t无特殊要求，能接受在济南工作即可。\n希望候选人来源行业:\t行业无特殊要求，要做过工业化场景下大功率电源的，电力电子相关的。\n目标公司：台达电子、汇川、阳光电源、合肥科威尔、西安爱科赛博、威海广泰、青岛仪迪、青岛艾普、济南博奥斯……类似企业都可以\nPS：济南沃森电源的人不要\n\n岗位要求：\n', '活跃度': '7天内活跃'}
[2026-03-05 20:05:54] [INFO] [main/execute_search] - 🌀 [搜索层级] 当前投入的搜索主词: 电力电子博士 大功率电源研发
[2026-03-05 20:05:54] [INFO] [LiepinSearch_Extractor/fill_search_condition] - 🔍 准备施加搜索条件: 电力电子博士 大功率电源研发
[2026-03-05 20:05:54] [DEBUG] [LiepinSearch_Extractor/fill_search_condition] - 🤔 [拟人] 执行页面随机沉思沉浸浏览...
[2026-03-05 20:05:59] [DEBUG] [LiepinSearch_Extractor/fill_search_condition] - 📸 截取了开始定位输入框前的界面: debug_before_search_input.png
[2026-03-05 20:05:59] [INFO] [LiepinSearch_Extractor/fill_search_condition] - 🛠️ [Phase 7] 启动稳态预检与交互式表单重构流程...
[2026-03-05 20:05:59] [DEBUG] [LiepinSearch_Extractor/fill_search_condition] - ✅ [稳态预检] 检测到条件搜索基础面板渲染完毕。
[2026-03-05 20:06:00] [DEBUG] [LiepinSearch_Extractor/fill_search_condition] - ⌨️ [隐匿模式] 按序缓注 '电力电子博士 大功率电源研发'...
[2026-03-05 20:06:03] [INFO] [LiepinSearch_Extractor/fill_search_condition] - ✅ 核心职位名称精准拟人注入完成: '电力电子博士 大功率电源研发'
[2026-03-05 20:06:06] [INFO] [LiepinSearch_Extractor/fill_search_condition] - 🎓 [INFO] 成功点选学历 Tag: 博士/博士后
[2026-03-05 20:06:09] [INFO] [LiepinSearch_Extractor/fill_search_condition] - ✅ 成功勾选活跃度: 7天内活跃
[2026-03-05 20:06:09] [DEBUG] [LiepinSearch_Extractor/fill_search_condition] - 🔍 [DEBUG] 提交前页面显示的全局活动 Tag: []
[2026-03-05 20:06:13] [INFO] [LiepinSearch_Extractor/process_list_and_save] - 📊 当前条件下命中 0 条，计划抽取前 0 条
[2026-03-05 20:06:13] [INFO] [main/execute_search] - 📉 [降维触发] 命中 0 条 (< 5)。抛弃末尾词块 '大功率电源研发'，即将重新重置降级搜索: 电力电子博士
[2026-03-05 20:06:16] [INFO] [main/execute_search] - 🌀 [搜索层级] 当前投入的搜索主词: 电力电子博士
[2026-03-05 20:06:16] [INFO] [LiepinSearch_Extractor/fill_search_condition] - 🔍 准备施加搜索条件: 电力电子博士
[2026-03-05 20:06:16] [DEBUG] [LiepinSearch_Extractor/fill_search_condition] - 🤔 [拟人] 执行页面随机沉思沉浸浏览...
[2026-03-05 20:06:19] [DEBUG] [LiepinSearch_Extractor/fill_search_condition] - 📸 截取了开始定位输入框前的界面: debug_before_search_input.png
[2026-03-05 20:06:19] [INFO] [LiepinSearch_Extractor/fill_search_condition] - 🛠️ [Phase 7] 启动稳态预检与交互式表单重构流程...
[2026-03-05 20:06:19] [DEBUG] [LiepinSearch_Extractor/fill_search_condition] - ✅ [稳态预检] 检测到条件搜索基础面板渲染完毕。
[2026-03-05 20:06:20] [DEBUG] [LiepinSearch_Extractor/fill_search_condition] - ⌨️ [隐匿模式] 按序缓注 '电力电子博士'...
[2026-03-05 20:06:23] [INFO] [LiepinSearch_Extractor/fill_search_condition] - ✅ 核心职位名称精准拟人注入完成: '电力电子博士'
[2026-03-05 20:06:27] [INFO] [LiepinSearch_Extractor/fill_search_condition] - 🎓 [INFO] 成功点选学历 Tag: 博士/博士后
[2026-03-05 20:06:30] [INFO] [LiepinSearch_Extractor/fill_search_condition] - ✅ 成功勾选活跃度: 7天内活跃
[2026-03-05 20:06:30] [DEBUG] [LiepinSearch_Extractor/fill_search_condition] - 🔍 [DEBUG] 提交前页面显示的全局活动 Tag: []
[2026-03-05 20:06:34] [INFO] [LiepinSearch_Extractor/process_list_and_save] - 📊 当前条件下命中 0 条，计划抽取前 0 条
[2026-03-05 20:06:34] [INFO] [main/execute_search] - ⚠️ [达到底限] 关键词只剩 '电力电子博士' 但命中依然是 0。停止回退搜寻。
[2026-03-05 20:06:34] [INFO] [main/execute_search] - ♻️ [Reset] 抽取大循环完毕，执行页面重置机制防止特征污染叠加...
[2026-03-05 20:06:36] [INFO] [main/execute_search] - ✅ 第 2 条搜索条件流转并抽调完毕
[2026-03-05 20:06:40] [INFO] [main/run] - 👋 运行完毕，挂起10秒后退出...
[2026-03-05 20:06:50] [INFO] [main/run] - 🧹 正在执行系统资源回收...
[2026-03-05 20:06:50] [INFO] [main/run] - ✅ 退出销毁流程完毕。
[2026-03-05 20:40:05] [INFO] [main/precheck_auth] - 探测到有效期内本地凭证，进行静默 HTTP 通透性预检...
[2026-03-05 20:40:13] [WARNING] [main/_apply_stealth] - 隐身：未找到 stealth.min.js，将使用降级版 webdriver 隐藏脚本(弱隐藏)！
[2026-03-05 20:40:14] [DEBUG] [main/precheck_auth] - 向测试接口 https://h.liepin.com/search/getConditionItem 抛出鉴权侦查
[2026-03-05 20:40:17] [WARNING] [main/precheck_auth] - ❌ 预检失败：状态码为200但返回体是 text/html;charset=utf-8 (可能被重定向拦截页或滑块阻击)。
[2026-03-05 20:40:17] [WARNING] [main/precheck_auth] - 🧹 [WARN] Session 已失效，清理无效旧凭证避免沙盒污染...
[2026-03-05 20:40:19] [INFO] [main/init_browser] - 采用空环境开启 Context 进行全新登录
[2026-03-05 20:40:19] [WARNING] [main/_apply_stealth] - 隐身：未找到 stealth.min.js，将使用降级版 webdriver 隐藏脚本(弱隐藏)！
[2026-03-05 20:40:21] [INFO] [main/run] - 凭证失效或不存在，即将唤起UI完成全套主流程认证。
[2026-03-05 20:40:21] [INFO] [main/login] - [Login Step 1/6] 导航至猎聘登录页...
[2026-03-05 20:40:24] [INFO] [main/login] - [Login Step 2/6] 尝试切换密码登录模式
[2026-03-05 20:40:24] [DEBUG] [main/login] - 找到'密码登录'选项卡，正进行点击...
[2026-03-05 20:40:26] [INFO] [main/login] - [Login Step 3/6] 开始定位账户密码输入框
[2026-03-05 20:40:26] [DEBUG] [main/login] - 填充用户名...
[2026-03-05 20:40:29] [DEBUG] [main/login] - 填充密码...
[2026-03-05 20:40:32] [INFO] [main/login] - ⏳ [Login Step 4/6] 提交登录表单...
[2026-03-05 20:40:32] [DEBUG] [main/login] - 提交完毕，等待页面响应并尝试激活滑块...
[2026-03-05 20:40:38] [INFO] [main/login] - [Login Step 5/6] 调用沙箱验证码检测逻辑...
[2026-03-05 20:40:38] [DEBUG] [main/login] - 📸 已保存点击登录后的现场截图至 'debug_after_login_click.png'
[2026-03-05 20:40:38] [INFO] [slider_solver/solve_captcha_if_exists] -    > 🛡️ [Captcha Check] 尝试侦测是否有安全校验证弹窗...
[2026-03-05 20:40:38] [INFO] [slider_solver/solve_captcha_if_exists] -    > 🛑 [Captcha Detected] 识别到腾讯沙箱验证码环境，准备规避 (Anti-Bot)
[2026-03-05 20:40:41] [INFO] [slider_solver/solve_captcha_if_exists] -    > 🧠 自研图像缺口匹配算法计算中...
[2026-03-05 20:40:41] [INFO] [slider_solver/solve_captcha_if_exists] -    > 📍 图像逻辑估算缺口位置原始偏移值 X=83
[2026-03-05 20:40:41] [INFO] [slider_solver/solve_captcha_if_exists] -    > 🔍 尝试通过在 Sandbox 内注入 JS 直接提取滑块与背景长宽尺寸...
[2026-03-05 20:40:41] [INFO] [slider_solver/solve_captcha_if_exists] -    > 🧠 自研图像缺口匹配算法计算中...
[2026-03-05 20:40:41] [INFO] [slider_solver/solve_captcha_if_exists] -    > 📍 图像逻辑估算缺口位置原始偏移值 X=83
[2026-03-05 20:40:41] [INFO] [slider_solver/solve_captcha_if_exists] -    > 📏 本地CV无需缩放，需要托拽有效物理距离: 47.50px
[2026-03-05 20:40:41] [INFO] [slider_solver/perform_slide] - 📐 规划滑动总步数: 14，开始拖拽...
[2026-03-05 20:40:41] [INFO] [slider_solver/perform_slide] -    > 🐾 轨迹执行中... 步数: 5/14, 当前相对偏移: 17.0px
[2026-03-05 20:40:42] [INFO] [slider_solver/perform_slide] -    > 🐾 轨迹执行中... 步数: 10/14, 当前相对偏移: 49.0px
[2026-03-05 20:40:42] [INFO] [slider_solver/perform_slide] -    > 🐾 轨迹执行中... 步数: 14/14, 当前相对偏移: 45.0px
[2026-03-05 20:40:42] [INFO] [slider_solver/perform_slide] - ✓ 物理滑动完毕
[2026-03-05 20:40:45] [WARNING] [slider_solver/solve_captcha_if_exists] -    > ❌ [Retry] 本地CV轨迹判定被风控拦截。正准备进行尝试或求救...
[2026-03-05 20:40:50] [INFO] [slider_solver/get_jfbym_gap] -    > ⚠️ [API] 未配置 JFBYM_TOKEN，无法调用云端识别引擎。
[2026-03-05 20:40:50] [WARNING] [slider_solver/solve_captcha_if_exists] -    > ❌ TCaptcha 云端兜底后依然拦截。AI 路线计算全线崩溃。
[2026-03-05 20:40:50] [DEBUG] [main/login] - 再次等待页面结算跳转 (3秒)...
[2026-03-05 20:40:55] [WARNING] [main/login] - 🚨 [HUMAN] ⚠️ 检测到高级别风控（AI 打码线全线溃败）。将防线移交至架构师...
[2026-03-05 20:41:06] [INFO] [main/login] - ✅ [模块恢复] 感知到人工物理拨动滑块成功并完成跳转！正在重铸 Session Hot Patches...
[2026-03-05 20:41:07] [INFO] [main/login] - ✅ [复原系统] 获得通行证，准备重返流水线...
[2026-03-05 20:41:07] [INFO] [main/execute_search] - 🗺️ 导航至找人页面...
[2026-03-05 20:41:11] [INFO] [main/execute_search] - 📂 加载测试参数表格 D:\ljg\leipin\test_search.xlsx
[2026-03-05 20:41:13] [INFO] [main/execute_search] - =======================
[2026-03-05 20:41:13] [INFO] [main/execute_search] - 🔄 开始执行第 1 条搜索条件
[2026-03-05 20:41:13] [DEBUG] [main/execute_search] - 🧹 字段清洗原参数: {'职位名称': '资深Java架构师（卫星物联网方向）', '公司名称': '成都卫讯科技有限公司', '工作城市': '成都', '经验要求': '8年以上', '学历要求': '统招本科及以上学历', '年龄要求': nan, '性别要求': nan, '薪资范围': '50W~80W/年', '搜索关键词/摘要': '资深Java架构师（卫星物联网方向） Redis Kafka MySQL Elasticsearch SpringBoot SpringCloud MyBatis Docker K8s NB IoT LoRa 统招 运维', '简历描述对比': '岗位职责：\n【岗位职责】\n1.负责公司卫星物联网业务平台的整体架构设计与技术演进规划，支撑百万级终端接入的系统扩展需求；\n2.主导物联网平台微服务化、模块化设计，实现高可靠、高可用、高并发的业务架构；\n3.制定物联网平台数据采集、设备管理、业务规则引擎、实时数据处理等核心模块的技术方案；\n4.推动架构落地，指导开发团队实现关键技术模块，解决性能、稳定性、扩展性等架构级问题；\n5.建立并推广物联网平台开发规范、技术标准和部署运维体系，提升团队整体交付质量。\n\n岗位要求：\n【岗位要求】\n1.统招本科及以上学历，计算机相关专业，8年以上Java开发经验，5年以上大型分布式系统架构设计经验；\n2.必须具有物联网平台架构经验，熟悉设备接入、消息协议、数据采集、状态监控等典型物联网业务场景；\n3.精通领域驱动设计，具备微服务拆分、服务治理、分布式事务等实战经验；\n4.熟悉Redis、Kafka、MySQL、Elasticsearch等中间件，具备高并发场景下的性能调优经验；\n5.精通SpringBoot、SpringCloud、MyBatis等主流框架，熟悉Docker、K8s等容器化部署与运维；\n6.具备良好的系统规划能力，能输出清晰的技术架构文档，并具备较强的团队协作与客户沟通能力；\n7.有低代码/无代码平台、规则引擎、大数据处理经验者优先；\n8.了解卫星通信、窄带物联网（NB-IoT/LoRa）等通信协议或行业背景者优先。', '活跃度': '7天内活跃'}
[2026-03-05 20:41:13] [DEBUG] [main/execute_search] - 🧼 字段清洗后参数: {'职位名称': '资深Java架构师 卫星物联网', '公司名称': '成都卫讯科技有限公司', '工作城市': '成都', '经验要求': '8-99', '学历要求': '本科', '年龄要求': nan, '性别要求': nan, '薪资范围': '50W~80W/年', '搜索关键词/摘要': '资深Java架构师（卫星物联网方向） Redis Kafka MySQL Elasticsearch SpringBoot SpringCloud MyBatis Docker K8s NB IoT LoRa 统招 运维', '简历描述对比': '岗位职责：\n【岗位职责】\n1.负责公司卫星物联网业务平台的整体架构设计与技术演进规划，支撑百万级终端接入的系统扩展需求；\n2.主导物联网平台微服务化、模块化设计，实现高可靠、高可用、高并发的业务架构；\n3.制定物联网平台数据采集、设备管理、业务规则引擎、实时数据处理等核心模块的技术方案；\n4.推动架构落地，指导开发团队实现关键技术模块，解决性能、稳定性、扩展性等架构级问题；\n5.建立并推广物联网平台开发规范、技术标准和部署运维体系，提升团队整体交付质量。\n\n岗位要求：\n【岗位要求】\n1.统招本科及以上学历，计算机相关专业，8年以上Java开发经验，5年以上大型分布式系统架构设计经验；\n2.必须具有物联网平台架构经验，熟悉设备接入、消息协议、数据采集、状态监控等典型物联网业务场景；\n3.精通领域驱动设计，具备微服务拆分、服务治理、分布式事务等实战经验；\n4.熟悉Redis、Kafka、MySQL、Elasticsearch等中间件，具备高并发场景下的性能调优经验；\n5.精通SpringBoot、SpringCloud、MyBatis等主流框架，熟悉Docker、K8s等容器化部署与运维；\n6.具备良好的系统规划能力，能输出清晰的技术架构文档，并具备较强的团队协作与客户沟通能力；\n7.有低代码/无代码平台、规则引擎、大数据处理经验者优先；\n8.了解卫星通信、窄带物联网（NB-IoT/LoRa）等通信协议或行业背景者优先。', '活跃度': '7天内活跃'}
[2026-03-05 20:41:13] [INFO] [main/execute_search] - 🌀 [搜索层级] 第一步尝试: 资深Java架构师 卫星物联网
[2026-03-05 20:41:13] [INFO] [LiepinSearch_Extractor/fill_search_condition] - 🔍 准备施加搜索条件: 资深Java架构师 卫星物联网
[2026-03-05 20:41:13] [DEBUG] [LiepinSearch_Extractor/fill_search_condition] - 🤔 [拟人] 执行页面随机沉思沉浸浏览...
[2026-03-05 20:41:17] [DEBUG] [LiepinSearch_Extractor/fill_search_condition] - 📸 截取了开始定位输入框前的界面: debug_before_search_input.png
[2026-03-05 20:41:17] [INFO] [LiepinSearch_Extractor/fill_search_condition] - 🛠️ [Phase 7] 启动稳态预检与交互式表单重构流程...
[2026-03-05 20:41:17] [DEBUG] [LiepinSearch_Extractor/fill_search_condition] - ✅ [稳态预检] 检测到条件搜索基础面板渲染完毕。
[2026-03-05 20:41:18] [DEBUG] [LiepinSearch_Extractor/fill_search_condition] - ⌨️ [隐匿模式] 按序缓注 '资深Java架构师 卫星物联网'...
[2026-03-05 20:41:23] [INFO] [LiepinSearch_Extractor/fill_search_condition] - ✅ 核心职位名称精准拟人注入完成: '资深Java架构师 卫星物联网'
[2026-03-05 20:41:35] [INFO] [LiepinSearch_Extractor/fill_search_condition] - 🎓 [INFO] 成功点选学历 Tag: 本科, 硕士, 博士/博士后
[2026-03-05 20:41:38] [INFO] [LiepinSearch_Extractor/fill_search_condition] - ✅ 成功勾选活跃度: 7天内活跃
[2026-03-05 20:41:38] [DEBUG] [LiepinSearch_Extractor/fill_search_condition] - 🔍 [DEBUG] 提交前页面显示的全局活动 Tag: []
[2026-03-05 20:41:42] [INFO] [LiepinSearch_Extractor/process_list_and_save] - 📊 当前条件下命中 0 条，计划抽取前 0 条
[2026-03-05 20:41:42] [INFO] [main/execute_search] - ♻️ [Reset] 抽取大循环完毕，执行页面重置机制防止特征污染叠加...
[2026-03-05 20:41:45] [INFO] [main/execute_search] - ✅ 第 1 条搜索条件流转并抽调完毕
[2026-03-05 20:41:48] [INFO] [main/execute_search] - =======================
[2026-03-05 20:41:48] [INFO] [main/execute_search] - 🔄 开始执行第 2 条搜索条件
[2026-03-05 20:41:48] [DEBUG] [main/execute_search] - 🧹 字段清洗原参数: {'职位名称': '电力电子博士（大功率电源研发岗）', '公司名称': '山东艾诺智能仪器有限公司', '工作城市': '济南', '经验要求': nan, '学历要求': '①博士/博士后：可接受应届  ②同行业经验5年+的双985、211硕士', '年龄要求': nan, '性别要求': nan, '薪资范围': '40-70W，优秀可谈', '搜索关键词/摘要': '电力电子博士（大功率电源研发岗） 40W 70W AC DC LLC IGBT MOSET PS 产品 经理', '简历描述对比': '岗位职责：\n直接上司职位：总经理/创研院院长\n工作地点*：山东济南\n上班时间：周一到周五8:15-17:15\n职缺原因*：新增☑  替换□\n需求人数*:\t3人\n薪水范围及结构*:年包40W-70W都可以谈，根据人选技术水平可适当上浮。\n补    贴：\t根据人选技术水平再定。\n福    利*:\t☑ 五险一金 ☑ 年终奖 ☑ 带薪年假□ 提供住宿 ☑ 工作餐 □ 交通补贴 ☐ 其他_____\n核心职责*:（可三点内概括）\n1、组织攻克和解决产品开发过程中的关键技术问题和产品生产过程中的重大技术问题\n2、负责电力电子产品的硬件系统规划设计，包含但不仅限于主电路的拓扑研究设计、及控制电路规划设计\n3、负责AC-DC，DC-DC设计，正激、反激、全桥、半桥、LLC等电源的各种拓扑结构设计，功率器件IGBT、MOSET的应用设计\n三、职位基本要求\n硬性要求*：\n1、学历要求：①博士/博士后：可接受应届  ②同行业经验5年+的双92硕士\n2、男士\n3、40岁以下，可根据优秀程度适当放宽1-2岁\n特殊要求:\t无\n四、挖角方向*\n希望候选人来源地区:\t无特殊要求，能接受在济南工作即可。\n希望候选人来源行业:\t行业无特殊要求，要做过工业化场景下大功率电源的，电力电子相关的。\n目标公司：台达电子、汇川、阳光电源、合肥科威尔、西安爱科赛博、威海广泰、青岛仪迪、青岛艾普、济南博奥斯……类似企业都可以\nPS：济南沃森电源的人不要\n\n岗位要求：\n', '活跃度': '7天内活跃'}
[2026-03-05 20:41:48] [DEBUG] [main/execute_search] - 🧼 字段清洗后参数: {'职位名称': '电力电子博士 大功率电源研发', '公司名称': '山东艾诺智能仪器有限公司', '工作城市': '济南', '经验要求': nan, '学历要求': '博士/博士后', '年龄要求': nan, '性别要求': nan, '薪资范围': '40-70W，优秀可谈', '搜索关键词/摘要': '电力电子博士（大功率电源研发岗） 40W 70W AC DC LLC IGBT MOSET PS 产品 经理', '简历描述对比': '岗位职责：\n直接上司职位：总经理/创研院院长\n工作地点*：山东济南\n上班时间：周一到周五8:15-17:15\n职缺原因*：新增☑  替换□\n需求人数*:\t3人\n薪水范围及结构*:年包40W-70W都可以谈，根据人选技术水平可适当上浮。\n补    贴：\t根据人选技术水平再定。\n福    利*:\t☑ 五险一金 ☑ 年终奖 ☑ 带薪年假□ 提供住宿 ☑ 工作餐 □ 交通补贴 ☐ 其他_____\n核心职责*:（可三点内概括）\n1、组织攻克和解决产品开发过程中的关键技术问题和产品生产过程中的重大技术问题\n2、负责电力电子产品的硬件系统规划设计，包含但不仅限于主电路的拓扑研究设计、及控制电路规划设计\n3、负责AC-DC，DC-DC设计，正激、反激、全桥、半桥、LLC等电源的各种拓扑结构设计，功率器件IGBT、MOSET的应用设计\n三、职位基本要求\n硬性要求*：\n1、学历要求：①博士/博士后：可接受应届  ②同行业经验5年+的双92硕士\n2、男士\n3、40岁以下，可根据优秀程度适当放宽1-2岁\n特殊要求:\t无\n四、挖角方向*\n希望候选人来源地区:\t无特殊要求，能接受在济南工作即可。\n希望候选人来源行业:\t行业无特殊要求，要做过工业化场景下大功率电源的，电力电子相关的。\n目标公司：台达电子、汇川、阳光电源、合肥科威尔、西安爱科赛博、威海广泰、青岛仪迪、青岛艾普、济南博奥斯……类似企业都可以\nPS：济南沃森电源的人不要\n\n岗位要求：\n', '活跃度': '7天内活跃'}
[2026-03-05 20:41:48] [INFO] [main/execute_search] - 🌀 [搜索层级] 第一步尝试: 电力电子博士 大功率电源研发
[2026-03-05 20:41:48] [INFO] [LiepinSearch_Extractor/fill_search_condition] - 🔍 准备施加搜索条件: 电力电子博士 大功率电源研发
[2026-03-05 20:41:48] [DEBUG] [LiepinSearch_Extractor/fill_search_condition] - 🤔 [拟人] 执行页面随机沉思沉浸浏览...
[2026-03-05 20:41:50] [DEBUG] [LiepinSearch_Extractor/fill_search_condition] - 📸 截取了开始定位输入框前的界面: debug_before_search_input.png
[2026-03-05 20:41:50] [INFO] [LiepinSearch_Extractor/fill_search_condition] - 🛠️ [Phase 7] 启动稳态预检与交互式表单重构流程...
[2026-03-05 20:41:50] [DEBUG] [LiepinSearch_Extractor/fill_search_condition] - ✅ [稳态预检] 检测到条件搜索基础面板渲染完毕。
[2026-03-05 20:41:51] [DEBUG] [LiepinSearch_Extractor/fill_search_condition] - ⌨️ [隐匿模式] 按序缓注 '电力电子博士 大功率电源研发'...
[2026-03-05 20:41:55] [INFO] [LiepinSearch_Extractor/fill_search_condition] - ✅ 核心职位名称精准拟人注入完成: '电力电子博士 大功率电源研发'
[2026-03-05 20:41:59] [INFO] [LiepinSearch_Extractor/fill_search_condition] - 🎓 [INFO] 成功点选学历 Tag: 博士/博士后
[2026-03-05 20:42:02] [INFO] [LiepinSearch_Extractor/fill_search_condition] - ✅ 成功勾选活跃度: 7天内活跃
[2026-03-05 20:42:02] [DEBUG] [LiepinSearch_Extractor/fill_search_condition] - 🔍 [DEBUG] 提交前页面显示的全局活动 Tag: []
[2026-03-05 20:42:06] [INFO] [LiepinSearch_Extractor/process_list_and_save] - 📊 当前条件下命中 0 条，计划抽取前 0 条
[2026-03-05 20:42:06] [INFO] [main/execute_search] - ♻️ [Reset] 抽取大循环完毕，执行页面重置机制防止特征污染叠加...
[2026-03-05 20:42:09] [INFO] [main/execute_search] - ✅ 第 2 条搜索条件流转并抽调完毕
[2026-03-05 20:42:11] [INFO] [main/run] - 👋 运行完毕，挂起10秒后退出...
[2026-03-05 20:42:21] [INFO] [main/run] - 🧹 正在执行系统资源回收...
[2026-03-05 20:42:22] [INFO] [main/run] - ✅ 退出销毁流程完毕。
[2026-03-05 20:55:09] [INFO] [main/precheck_auth] - 探测到有效期内本地凭证，进行静默 HTTP 通透性预检...
[2026-03-05 20:55:18] [WARNING] [main/_apply_stealth] - 隐身：未找到 stealth.min.js，将使用降级版 webdriver 隐藏脚本(弱隐藏)！
[2026-03-05 20:55:20] [DEBUG] [main/precheck_auth] - 向测试接口 https://h.liepin.com/search/getConditionItem 抛出鉴权侦查
[2026-03-05 20:55:21] [WARNING] [main/precheck_auth] - ❌ 预检失败：状态码为200但返回体是 text/html;charset=utf-8 (可能被重定向拦截页或滑块阻击)。
[2026-03-05 20:55:21] [WARNING] [main/precheck_auth] - 🧹 [WARN] Session 已失效，清理无效旧凭证避免沙盒污染...
[2026-03-05 20:55:24] [INFO] [main/init_browser] - 采用空环境开启 Context 进行全新登录
[2026-03-05 20:55:24] [WARNING] [main/_apply_stealth] - 隐身：未找到 stealth.min.js，将使用降级版 webdriver 隐藏脚本(弱隐藏)！
[2026-03-05 20:55:27] [INFO] [main/run] - 凭证失效或不存在，即将唤起UI完成全套主流程认证。
[2026-03-05 20:55:27] [INFO] [main/login] - [Login Step 1/6] 导航至猎聘登录页...
[2026-03-05 20:55:34] [INFO] [main/login] - [Login Step 2/6] 尝试切换密码登录模式
[2026-03-05 20:55:34] [DEBUG] [main/login] - 找到'密码登录'选项卡，正进行点击...
[2026-03-05 20:55:36] [INFO] [main/login] - [Login Step 3/6] 开始定位账户密码输入框
[2026-03-05 20:55:36] [DEBUG] [main/login] - 填充用户名...
[2026-03-05 20:55:38] [DEBUG] [main/login] - 填充密码...
[2026-03-05 20:55:42] [INFO] [main/login] - ⏳ [Login Step 4/6] 提交登录表单...
[2026-03-05 20:55:42] [DEBUG] [main/login] - 提交完毕，等待页面响应并尝试激活滑块...
[2026-03-05 20:55:48] [INFO] [main/login] - [Login Step 5/6] 调用沙箱验证码检测逻辑...
[2026-03-05 20:55:48] [DEBUG] [main/login] - 📸 已保存点击登录后的现场截图至 'debug_after_login_click.png'
[2026-03-05 20:55:48] [INFO] [slider_solver/solve_captcha_if_exists] -    > 🛡️ [Captcha Check] 尝试侦测是否有安全校验证弹窗...
[2026-03-05 20:55:49] [INFO] [slider_solver/solve_captcha_if_exists] -    > 🛑 [Captcha Detected] 识别到腾讯沙箱验证码环境，准备规避 (Anti-Bot)
[2026-03-05 20:55:51] [INFO] [slider_solver/solve_captcha_if_exists] -    > 🧠 自研图像缺口匹配算法计算中...
[2026-03-05 20:55:51] [INFO] [slider_solver/solve_captcha_if_exists] -    > 📍 图像逻辑估算缺口位置原始偏移值 X=59
[2026-03-05 20:55:51] [INFO] [slider_solver/solve_captcha_if_exists] -    > 🔍 尝试通过在 Sandbox 内注入 JS 直接提取滑块与背景长宽尺寸...
[2026-03-05 20:55:51] [INFO] [slider_solver/solve_captcha_if_exists] -    > 🧠 自研图像缺口匹配算法计算中...
[2026-03-05 20:55:51] [INFO] [slider_solver/solve_captcha_if_exists] -    > 📍 图像逻辑估算缺口位置原始偏移值 X=59
[2026-03-05 20:55:51] [INFO] [slider_solver/solve_captcha_if_exists] -    > 📏 本地CV无需缩放，需要托拽有效物理距离: 23.50px
[2026-03-05 20:55:51] [INFO] [slider_solver/perform_slide] - 📐 规划滑动总步数: 10，开始拖拽...
[2026-03-05 20:55:51] [INFO] [slider_solver/perform_slide] -    > 🐾 轨迹执行中... 步数: 5/10, 当前相对偏移: 17.0px
[2026-03-05 20:55:52] [INFO] [slider_solver/perform_slide] -    > 🐾 轨迹执行中... 步数: 10/10, 当前相对偏移: 22.0px
[2026-03-05 20:55:52] [INFO] [slider_solver/perform_slide] - ✓ 物理滑动完毕
[2026-03-05 20:55:55] [WARNING] [slider_solver/solve_captcha_if_exists] -    > ❌ [Retry] 本地CV轨迹判定被风控拦截。正准备进行尝试或求救...
[2026-03-05 20:56:00] [INFO] [slider_solver/get_jfbym_gap] -    > ⚠️ [API] 未配置 JFBYM_TOKEN，无法调用云端识别引擎。
[2026-03-05 20:56:00] [WARNING] [slider_solver/solve_captcha_if_exists] -    > ❌ TCaptcha 云端兜底后依然拦截。AI 路线计算全线崩溃。
[2026-03-05 20:56:00] [DEBUG] [main/login] - 再次等待页面结算跳转 (3秒)...
[2026-03-05 20:56:04] [WARNING] [main/login] - 🚨 [HUMAN] ⚠️ 检测到高级别风控（AI 打码线全线溃败）。将防线移交至架构师...
[2026-03-05 20:56:13] [INFO] [main/login] - ✅ [模块恢复] 感知到人工物理拨动滑块成功并完成跳转！正在重铸 Session Hot Patches...
[2026-03-05 20:56:14] [INFO] [main/login] - ✅ [复原系统] 获得通行证，准备重返流水线...
[2026-03-05 20:56:14] [INFO] [main/execute_search] - 🗺️ 导航至找人页面...
[2026-03-05 20:56:18] [INFO] [main/execute_search] - 📂 加载测试参数表格 D:\ljg\leipin\test_search.xlsx
[2026-03-05 20:56:21] [INFO] [main/execute_search] - =======================
[2026-03-05 20:56:21] [INFO] [main/execute_search] - 🔄 开始执行第 1 条搜索条件
[2026-03-05 20:56:21] [DEBUG] [main/execute_search] - 🧹 字段清洗原参数: {'职位名称': '资深Java架构师（卫星物联网方向）', '公司名称': '成都卫讯科技有限公司', '工作城市': '成都', '经验要求': '8年以上', '学历要求': '统招本科及以上学历', '年龄要求': nan, '性别要求': nan, '薪资范围': '50W~80W/年', '搜索关键词/摘要': '资深Java架构师（卫星物联网方向） Redis Kafka MySQL Elasticsearch SpringBoot SpringCloud MyBatis Docker K8s NB IoT LoRa 统招 运维', '简历描述对比': '岗位职责：\n【岗位职责】\n1.负责公司卫星物联网业务平台的整体架构设计与技术演进规划，支撑百万级终端接入的系统扩展需求；\n2.主导物联网平台微服务化、模块化设计，实现高可靠、高可用、高并发的业务架构；\n3.制定物联网平台数据采集、设备管理、业务规则引擎、实时数据处理等核心模块的技术方案；\n4.推动架构落地，指导开发团队实现关键技术模块，解决性能、稳定性、扩展性等架构级问题；\n5.建立并推广物联网平台开发规范、技术标准和部署运维体系，提升团队整体交付质量。\n\n岗位要求：\n【岗位要求】\n1.统招本科及以上学历，计算机相关专业，8年以上Java开发经验，5年以上大型分布式系统架构设计经验；\n2.必须具有物联网平台架构经验，熟悉设备接入、消息协议、数据采集、状态监控等典型物联网业务场景；\n3.精通领域驱动设计，具备微服务拆分、服务治理、分布式事务等实战经验；\n4.熟悉Redis、Kafka、MySQL、Elasticsearch等中间件，具备高并发场景下的性能调优经验；\n5.精通SpringBoot、SpringCloud、MyBatis等主流框架，熟悉Docker、K8s等容器化部署与运维；\n6.具备良好的系统规划能力，能输出清晰的技术架构文档，并具备较强的团队协作与客户沟通能力；\n7.有低代码/无代码平台、规则引擎、大数据处理经验者优先；\n8.了解卫星通信、窄带物联网（NB-IoT/LoRa）等通信协议或行业背景者优先。', '活跃度': '7天内活跃'}
[2026-03-05 20:56:21] [DEBUG] [main/execute_search] - 🧼 字段清洗后参数: {'职位名称': '资深Java架构师 卫星物联网', '公司名称': '成都卫讯科技有限公司', '工作城市': '成都', '经验要求': '8-99', '学历要求': '本科', '年龄要求': nan, '性别要求': nan, '薪资范围': '50W~80W/年', '搜索关键词/摘要': '资深Java架构师（卫星物联网方向） Redis Kafka MySQL Elasticsearch SpringBoot SpringCloud MyBatis Docker K8s NB IoT LoRa 统招 运维', '简历描述对比': '岗位职责：\n【岗位职责】\n1.负责公司卫星物联网业务平台的整体架构设计与技术演进规划，支撑百万级终端接入的系统扩展需求；\n2.主导物联网平台微服务化、模块化设计，实现高可靠、高可用、高并发的业务架构；\n3.制定物联网平台数据采集、设备管理、业务规则引擎、实时数据处理等核心模块的技术方案；\n4.推动架构落地，指导开发团队实现关键技术模块，解决性能、稳定性、扩展性等架构级问题；\n5.建立并推广物联网平台开发规范、技术标准和部署运维体系，提升团队整体交付质量。\n\n岗位要求：\n【岗位要求】\n1.统招本科及以上学历，计算机相关专业，8年以上Java开发经验，5年以上大型分布式系统架构设计经验；\n2.必须具有物联网平台架构经验，熟悉设备接入、消息协议、数据采集、状态监控等典型物联网业务场景；\n3.精通领域驱动设计，具备微服务拆分、服务治理、分布式事务等实战经验；\n4.熟悉Redis、Kafka、MySQL、Elasticsearch等中间件，具备高并发场景下的性能调优经验；\n5.精通SpringBoot、SpringCloud、MyBatis等主流框架，熟悉Docker、K8s等容器化部署与运维；\n6.具备良好的系统规划能力，能输出清晰的技术架构文档，并具备较强的团队协作与客户沟通能力；\n7.有低代码/无代码平台、规则引擎、大数据处理经验者优先；\n8.了解卫星通信、窄带物联网（NB-IoT/LoRa）等通信协议或行业背景者优先。', '活跃度': '7天内活跃'}
[2026-03-05 20:56:21] [INFO] [main/execute_search] - 🌀 [搜索层级] 第一步尝试: 资深Java架构师 卫星物联网
[2026-03-05 20:56:21] [INFO] [LiepinSearch_Extractor/fill_search_condition] - 🔍 准备施加搜索条件: 资深Java架构师 卫星物联网
[2026-03-05 20:56:21] [DEBUG] [LiepinSearch_Extractor/fill_search_condition] - 🤔 [拟人] 执行页面随机沉思沉浸浏览...
[2026-03-05 20:56:24] [DEBUG] [LiepinSearch_Extractor/fill_search_condition] - 📸 截取了开始定位输入框前的界面: debug_before_search_input.png
[2026-03-05 20:56:24] [INFO] [LiepinSearch_Extractor/fill_search_condition] - 🛠️ [Phase 7] 启动稳态预检与交互式表单重构流程...
[2026-03-05 20:56:24] [DEBUG] [LiepinSearch_Extractor/fill_search_condition] - ✅ [稳态预检] 检测到条件搜索基础面板渲染完毕。
[2026-03-05 20:56:26] [DEBUG] [LiepinSearch_Extractor/fill_search_condition] - ⌨️ [隐匿模式] 按序缓注 '资深Java架构师 卫星物联网'...
[2026-03-05 20:56:30] [INFO] [LiepinSearch_Extractor/fill_search_condition] - ✅ 核心职位名称精准拟人注入完成: '资深Java架构师 卫星物联网'
[2026-03-05 20:56:41] [INFO] [LiepinSearch_Extractor/fill_search_condition] - 🎓 [INFO] 成功点选学历 Tag: 本科, 硕士, 博士/博士后
[2026-03-05 20:56:44] [INFO] [LiepinSearch_Extractor/fill_search_condition] - ✅ 成功勾选活跃度: 7天内活跃
[2026-03-05 20:56:44] [DEBUG] [LiepinSearch_Extractor/fill_search_condition] - 🔍 [DEBUG] 提交前页面显示的全局活动 Tag: []
[2026-03-05 20:56:49] [INFO] [LiepinSearch_Extractor/process_list_and_save] - 📊 当前条件下命中 0 条，计划抽取前 0 条
[2026-03-05 20:56:49] [WARNING] [main/execute_search] - 📉 [降维触发] 第一步命中 0 条。执行保底回退策略，自动切换至[搜索关键词/摘要]全文搜索：'资深Java架构师（卫星物联网方向） Redis Kafka MySQL Elasticsearch SpringBoot SpringCloud MyBatis Docker K8s NB IoT LoRa 统招 运维'
[2026-03-05 20:56:54] [INFO] [LiepinSearch_Extractor/fill_search_condition] - 🔍 准备施加搜索条件: 资深Java架构师（卫星物联网方向） Redis Kafka MySQL Elasticsearch SpringBoot SpringCloud MyBatis Docker K8s NB IoT LoRa 统招 运维
[2026-03-05 20:56:54] [DEBUG] [LiepinSearch_Extractor/fill_search_condition] - 🤔 [拟人] 执行页面随机沉思沉浸浏览...
[2026-03-05 20:56:56] [DEBUG] [LiepinSearch_Extractor/fill_search_condition] - 📸 截取了开始定位输入框前的界面: debug_before_search_input.png
[2026-03-05 20:56:56] [INFO] [LiepinSearch_Extractor/fill_search_condition] - 🛠️ [Phase 7] 启动稳态预检与交互式表单重构流程...
[2026-03-05 20:56:57] [DEBUG] [LiepinSearch_Extractor/fill_search_condition] - ✅ [稳态预检] 检测到条件搜索基础面板渲染完毕。
[2026-03-05 20:56:58] [DEBUG] [LiepinSearch_Extractor/fill_search_condition] - ⌨️ [隐匿模式] 按序缓注 '资深Java架构师（卫星物联网方向） Redis Kafka MySQL Elasticsearch SpringBoot SpringCloud MyBatis Docker K8s NB IoT LoRa 统招 运维'...
[2026-03-05 20:57:16] [WARNING] [LiepinSearch_Extractor/fill_search_condition] - ⚠️ [WARNING] 输入框字符污染！预期: '资深Java架构师（卫星物联网方向） Redis Kafka MySQL Elasticsearch SpringBoot SpringCloud MyBatis Docker K8s NB IoT LoRa 统招 运维', 实际: '资深Java架构师（卫星物联网方向） Redis Kafka MySQL Elasticsearch SpringBoot SpringCloud MyBatis Docker K8s NB IoT 维'
[2026-03-05 20:57:31] [INFO] [LiepinSearch_Extractor/fill_search_condition] - 🎓 [INFO] 成功点选学历 Tag: 本科, 硕士, 博士/博士后
[2026-03-05 20:57:34] [INFO] [LiepinSearch_Extractor/fill_search_condition] - ✅ 成功勾选活跃度: 7天内活跃
[2026-03-05 20:57:34] [DEBUG] [LiepinSearch_Extractor/fill_search_condition] - 🔍 [DEBUG] 提交前页面显示的全局活动 Tag: []
[2026-03-05 20:57:39] [INFO] [LiepinSearch_Extractor/process_list_and_save] - 📊 当前条件下命中 0 条，计划抽取前 0 条
[2026-03-05 20:57:39] [INFO] [main/execute_search] - ♻️ [Reset] 抽取大循环完毕，执行页面重置机制防止特征污染叠加...
[2026-03-05 20:57:52] [INFO] [main/execute_search] - ✅ 第 1 条搜索条件流转并抽调完毕
[2026-03-05 20:57:55] [INFO] [main/execute_search] - =======================
[2026-03-05 20:57:55] [INFO] [main/execute_search] - 🔄 开始执行第 2 条搜索条件
[2026-03-05 20:57:55] [DEBUG] [main/execute_search] - 🧹 字段清洗原参数: {'职位名称': '电力电子博士（大功率电源研发岗）', '公司名称': '山东艾诺智能仪器有限公司', '工作城市': '济南', '经验要求': nan, '学历要求': '①博士/博士后：可接受应届  ②同行业经验5年+的双985、211硕士', '年龄要求': nan, '性别要求': nan, '薪资范围': '40-70W，优秀可谈', '搜索关键词/摘要': '电力电子博士（大功率电源研发岗） 40W 70W AC DC LLC IGBT MOSET PS 产品 经理', '简历描述对比': '岗位职责：\n直接上司职位：总经理/创研院院长\n工作地点*：山东济南\n上班时间：周一到周五8:15-17:15\n职缺原因*：新增☑  替换□\n需求人数*:\t3人\n薪水范围及结构*:年包40W-70W都可以谈，根据人选技术水平可适当上浮。\n补    贴：\t根据人选技术水平再定。\n福    利*:\t☑ 五险一金 ☑ 年终奖 ☑ 带薪年假□ 提供住宿 ☑ 工作餐 □ 交通补贴 ☐ 其他_____\n核心职责*:（可三点内概括）\n1、组织攻克和解决产品开发过程中的关键技术问题和产品生产过程中的重大技术问题\n2、负责电力电子产品的硬件系统规划设计，包含但不仅限于主电路的拓扑研究设计、及控制电路规划设计\n3、负责AC-DC，DC-DC设计，正激、反激、全桥、半桥、LLC等电源的各种拓扑结构设计，功率器件IGBT、MOSET的应用设计\n三、职位基本要求\n硬性要求*：\n1、学历要求：①博士/博士后：可接受应届  ②同行业经验5年+的双92硕士\n2、男士\n3、40岁以下，可根据优秀程度适当放宽1-2岁\n特殊要求:\t无\n四、挖角方向*\n希望候选人来源地区:\t无特殊要求，能接受在济南工作即可。\n希望候选人来源行业:\t行业无特殊要求，要做过工业化场景下大功率电源的，电力电子相关的。\n目标公司：台达电子、汇川、阳光电源、合肥科威尔、西安爱科赛博、威海广泰、青岛仪迪、青岛艾普、济南博奥斯……类似企业都可以\nPS：济南沃森电源的人不要\n\n岗位要求：\n', '活跃度': '7天内活跃'}
[2026-03-05 20:57:55] [DEBUG] [main/execute_search] - 🧼 字段清洗后参数: {'职位名称': '电力电子博士 大功率电源研发', '公司名称': '山东艾诺智能仪器有限公司', '工作城市': '济南', '经验要求': nan, '学历要求': '博士/博士后', '年龄要求': nan, '性别要求': nan, '薪资范围': '40-70W，优秀可谈', '搜索关键词/摘要': '电力电子博士（大功率电源研发岗） 40W 70W AC DC LLC IGBT MOSET PS 产品 经理', '简历描述对比': '岗位职责：\n直接上司职位：总经理/创研院院长\n工作地点*：山东济南\n上班时间：周一到周五8:15-17:15\n职缺原因*：新增☑  替换□\n需求人数*:\t3人\n薪水范围及结构*:年包40W-70W都可以谈，根据人选技术水平可适当上浮。\n补    贴：\t根据人选技术水平再定。\n福    利*:\t☑ 五险一金 ☑ 年终奖 ☑ 带薪年假□ 提供住宿 ☑ 工作餐 □ 交通补贴 ☐ 其他_____\n核心职责*:（可三点内概括）\n1、组织攻克和解决产品开发过程中的关键技术问题和产品生产过程中的重大技术问题\n2、负责电力电子产品的硬件系统规划设计，包含但不仅限于主电路的拓扑研究设计、及控制电路规划设计\n3、负责AC-DC，DC-DC设计，正激、反激、全桥、半桥、LLC等电源的各种拓扑结构设计，功率器件IGBT、MOSET的应用设计\n三、职位基本要求\n硬性要求*：\n1、学历要求：①博士/博士后：可接受应届  ②同行业经验5年+的双92硕士\n2、男士\n3、40岁以下，可根据优秀程度适当放宽1-2岁\n特殊要求:\t无\n四、挖角方向*\n希望候选人来源地区:\t无特殊要求，能接受在济南工作即可。\n希望候选人来源行业:\t行业无特殊要求，要做过工业化场景下大功率电源的，电力电子相关的。\n目标公司：台达电子、汇川、阳光电源、合肥科威尔、西安爱科赛博、威海广泰、青岛仪迪、青岛艾普、济南博奥斯……类似企业都可以\nPS：济南沃森电源的人不要\n\n岗位要求：\n', '活跃度': '7天内活跃'}
[2026-03-05 20:57:55] [INFO] [main/execute_search] - 🌀 [搜索层级] 第一步尝试: 电力电子博士 大功率电源研发
[2026-03-05 20:57:55] [INFO] [LiepinSearch_Extractor/fill_search_condition] - 🔍 准备施加搜索条件: 电力电子博士 大功率电源研发
[2026-03-05 20:57:55] [DEBUG] [LiepinSearch_Extractor/fill_search_condition] - 🤔 [拟人] 执行页面随机沉思沉浸浏览...
[2026-03-05 20:57:58] [DEBUG] [LiepinSearch_Extractor/fill_search_condition] - 📸 截取了开始定位输入框前的界面: debug_before_search_input.png
[2026-03-05 20:57:58] [INFO] [LiepinSearch_Extractor/fill_search_condition] - 🛠️ [Phase 7] 启动稳态预检与交互式表单重构流程...
[2026-03-05 20:57:58] [DEBUG] [LiepinSearch_Extractor/fill_search_condition] - ✅ [稳态预检] 检测到条件搜索基础面板渲染完毕。
[2026-03-05 20:57:59] [DEBUG] [LiepinSearch_Extractor/fill_search_condition] - ⌨️ [隐匿模式] 按序缓注 '电力电子博士 大功率电源研发'...
[2026-03-05 20:58:05] [INFO] [LiepinSearch_Extractor/fill_search_condition] - ✅ 核心职位名称精准拟人注入完成: '电力电子博士 大功率电源研发'
[2026-03-05 20:58:10] [INFO] [LiepinSearch_Extractor/fill_search_condition] - 🎓 [INFO] 成功点选学历 Tag: 博士/博士后
[2026-03-05 20:58:13] [INFO] [LiepinSearch_Extractor/fill_search_condition] - ✅ 成功勾选活跃度: 7天内活跃
[2026-03-05 20:58:13] [DEBUG] [LiepinSearch_Extractor/fill_search_condition] - 🔍 [DEBUG] 提交前页面显示的全局活动 Tag: []
[2026-03-05 20:58:17] [INFO] [LiepinSearch_Extractor/process_list_and_save] - 📊 当前条件下命中 0 条，计划抽取前 0 条
[2026-03-05 20:58:17] [WARNING] [main/execute_search] - 📉 [降维触发] 第一步命中 0 条。执行保底回退策略，自动切换至[搜索关键词/摘要]全文搜索：'电力电子博士（大功率电源研发岗） 40W 70W AC DC LLC IGBT MOSET PS 产品 经理'
[2026-03-05 20:58:22] [INFO] [LiepinSearch_Extractor/fill_search_condition] - 🔍 准备施加搜索条件: 电力电子博士（大功率电源研发岗） 40W 70W AC DC LLC IGBT MOSET PS 产品 经理
[2026-03-05 20:58:22] [DEBUG] [LiepinSearch_Extractor/fill_search_condition] - 🤔 [拟人] 执行页面随机沉思沉浸浏览...
[2026-03-05 20:58:26] [DEBUG] [LiepinSearch_Extractor/fill_search_condition] - 📸 截取了开始定位输入框前的界面: debug_before_search_input.png
[2026-03-05 20:58:26] [INFO] [LiepinSearch_Extractor/fill_search_condition] - 🛠️ [Phase 7] 启动稳态预检与交互式表单重构流程...
[2026-03-05 20:58:26] [DEBUG] [LiepinSearch_Extractor/fill_search_condition] - ✅ [稳态预检] 检测到条件搜索基础面板渲染完毕。
[2026-03-05 20:58:27] [DEBUG] [LiepinSearch_Extractor/fill_search_condition] - ⌨️ [隐匿模式] 按序缓注 '电力电子博士（大功率电源研发岗） 40W 70W AC DC LLC IGBT MOSET PS 产品 经理'...
[2026-03-05 20:58:36] [INFO] [LiepinSearch_Extractor/fill_search_condition] - ✅ 核心职位名称精准拟人注入完成: '电力电子博士（大功率电源研发岗） 40W 70W AC DC LLC IGBT MOSET PS 产品 经理'
[2026-03-05 20:58:43] [INFO] [LiepinSearch_Extractor/fill_search_condition] - 🎓 [INFO] 成功点选学历 Tag: 博士/博士后
[2026-03-05 20:58:47] [INFO] [LiepinSearch_Extractor/fill_search_condition] - ✅ 成功勾选活跃度: 7天内活跃
[2026-03-05 20:58:48] [DEBUG] [LiepinSearch_Extractor/fill_search_condition] - 🔍 [DEBUG] 提交前页面显示的全局活动 Tag: []
[2026-03-05 20:58:53] [INFO] [LiepinSearch_Extractor/process_list_and_save] - 📊 当前条件下命中 0 条，计划抽取前 0 条
[2026-03-05 20:58:53] [INFO] [main/execute_search] - ♻️ [Reset] 抽取大循环完毕，执行页面重置机制防止特征污染叠加...
[2026-03-05 20:58:56] [INFO] [main/execute_search] - ✅ 第 2 条搜索条件流转并抽调完毕
[2026-03-05 20:58:59] [INFO] [main/run] - 👋 运行完毕，挂起10秒后退出...
[2026-03-05 20:59:09] [INFO] [main/run] - 🧹 正在执行系统资源回收...
[2026-03-05 20:59:10] [INFO] [main/run] - ✅ 退出销毁流程完毕。
[2026-03-05 21:10:21] [INFO] [main/precheck_auth] - 探测到有效期内本地凭证，进行静默 HTTP 通透性预检...
[2026-03-05 21:10:28] [WARNING] [main/_apply_stealth] - 隐身：未找到 stealth.min.js，将使用降级版 webdriver 隐藏脚本(弱隐藏)！
[2026-03-05 21:10:29] [DEBUG] [main/precheck_auth] - 向测试接口 https://h.liepin.com/search/getConditionItem 抛出鉴权侦查
[2026-03-05 21:10:30] [WARNING] [main/precheck_auth] - ❌ 预检失败：状态码为200但返回体是 text/html;charset=utf-8 (可能被重定向拦截页或滑块阻击)。
[2026-03-05 21:10:30] [WARNING] [main/precheck_auth] - 🧹 [WARN] Session 已失效，清理无效旧凭证避免沙盒污染...
[2026-03-05 21:10:31] [INFO] [main/init_browser] - 采用空环境开启 Context 进行全新登录
[2026-03-05 21:10:31] [WARNING] [main/_apply_stealth] - 隐身：未找到 stealth.min.js，将使用降级版 webdriver 隐藏脚本(弱隐藏)！
[2026-03-05 21:10:33] [INFO] [main/run] - 凭证失效或不存在，即将唤起UI完成全套主流程认证。
[2026-03-05 21:10:33] [INFO] [main/login] - [Login Step 1/6] 导航至猎聘登录页...
[2026-03-05 21:10:38] [INFO] [main/login] - [Login Step 2/6] 尝试切换密码登录模式
[2026-03-05 21:10:39] [DEBUG] [main/login] - 找到'密码登录'选项卡，正进行点击...
[2026-03-05 21:10:40] [INFO] [main/login] - [Login Step 3/6] 开始定位账户密码输入框
[2026-03-05 21:10:40] [DEBUG] [main/login] - 填充用户名...
[2026-03-05 21:10:43] [DEBUG] [main/login] - 填充密码...
[2026-03-05 21:10:47] [INFO] [main/login] - ⏳ [Login Step 4/6] 提交登录表单...
[2026-03-05 21:10:47] [DEBUG] [main/login] - 提交完毕，等待页面响应并尝试激活滑块...
[2026-03-05 21:10:53] [INFO] [main/login] - [Login Step 5/6] 调用沙箱验证码检测逻辑...
[2026-03-05 21:10:54] [DEBUG] [main/login] - 📸 已保存点击登录后的现场截图至 'debug_after_login_click.png'
[2026-03-05 21:10:54] [INFO] [slider_solver/solve_captcha_if_exists] -    > 🛡️ [Captcha Check] 尝试侦测是否有安全校验证弹窗...
[2026-03-05 21:10:54] [INFO] [slider_solver/solve_captcha_if_exists] -    > 🛑 [Captcha Detected] 识别到腾讯沙箱验证码环境，准备规避 (Anti-Bot)
[2026-03-05 21:10:56] [INFO] [slider_solver/solve_captcha_if_exists] -    > 🧠 自研图像缺口匹配算法计算中...
[2026-03-05 21:10:56] [INFO] [slider_solver/solve_captcha_if_exists] -    > 📍 图像逻辑估算缺口位置原始偏移值 X=229
[2026-03-05 21:10:56] [INFO] [slider_solver/solve_captcha_if_exists] -    > 🔍 尝试通过在 Sandbox 内注入 JS 直接提取滑块与背景长宽尺寸...
[2026-03-05 21:10:56] [INFO] [slider_solver/solve_captcha_if_exists] -    > 🧠 自研图像缺口匹配算法计算中...
[2026-03-05 21:10:56] [INFO] [slider_solver/solve_captcha_if_exists] -    > 📍 图像逻辑估算缺口位置原始偏移值 X=229
[2026-03-05 21:10:56] [INFO] [slider_solver/solve_captcha_if_exists] -    > 📏 本地CV无需缩放，需要托拽有效物理距离: 193.50px
[2026-03-05 21:10:56] [INFO] [slider_solver/perform_slide] - 📐 规划滑动总步数: 20，开始拖拽...
[2026-03-05 21:10:56] [INFO] [slider_solver/perform_slide] -    > 🐾 轨迹执行中... 步数: 5/20, 当前相对偏移: 17.0px
[2026-03-05 21:10:57] [INFO] [slider_solver/perform_slide] -    > 🐾 轨迹执行中... 步数: 10/20, 当前相对偏移: 68.0px
[2026-03-05 21:10:57] [INFO] [slider_solver/perform_slide] -    > 🐾 轨迹执行中... 步数: 15/20, 当前相对偏移: 144.0px
[2026-03-05 21:10:57] [INFO] [slider_solver/perform_slide] -    > 🐾 轨迹执行中... 步数: 20/20, 当前相对偏移: 191.0px
[2026-03-05 21:10:57] [INFO] [slider_solver/perform_slide] - ✓ 物理滑动完毕
[2026-03-05 21:11:00] [WARNING] [slider_solver/solve_captcha_if_exists] -    > ❌ [Retry] 本地CV轨迹判定被风控拦截。正准备进行尝试或求救...
[2026-03-05 21:11:06] [INFO] [slider_solver/get_jfbym_gap] -    > ⚠️ [API] 未配置 JFBYM_TOKEN，无法调用云端识别引擎。
[2026-03-05 21:11:06] [WARNING] [slider_solver/solve_captcha_if_exists] -    > ❌ TCaptcha 云端兜底后依然拦截。AI 路线计算全线崩溃。
[2026-03-05 21:11:06] [DEBUG] [main/login] - 再次等待页面结算跳转 (3秒)...
[2026-03-05 21:11:10] [WARNING] [main/login] - 🚨 [HUMAN] ⚠️ 检测到高级别风控（AI 打码线全线溃败）。将防线移交至架构师...
[2026-03-05 21:11:17] [INFO] [main/login] - ✅ [模块恢复] 感知到人工物理拨动滑块成功并完成跳转！正在重铸 Session Hot Patches...
[2026-03-05 21:11:18] [INFO] [main/login] - ✅ [复原系统] 获得通行证，准备重返流水线...
[2026-03-05 21:11:18] [INFO] [main/execute_search] - 🗺️ 导航至找人页面...
[2026-03-05 21:11:22] [INFO] [main/execute_search] - 📂 加载测试参数表格 D:\ljg\leipin\test_search.xlsx
[2026-03-05 21:11:23] [INFO] [main/execute_search] - =======================
[2026-03-05 21:11:23] [INFO] [main/execute_search] - 🔄 开始执行第 1 条搜索条件
[2026-03-05 21:11:23] [DEBUG] [main/execute_search] - 🧹 字段清洗原参数: {'职位名称': '资深Java架构师（卫星物联网方向）', '公司名称': '成都卫讯科技有限公司', '工作城市': '成都', '经验要求': '8年以上', '学历要求': '统招本科及以上学历', '年龄要求': nan, '性别要求': nan, '薪资范围': '50W~80W/年', '搜索关键词/摘要': '资深Java架构师（卫星物联网方向） Redis Kafka MySQL Elasticsearch SpringBoot SpringCloud MyBatis Docker K8s NB IoT LoRa 统招 运维', '简历描述对比': '岗位职责：\n【岗位职责】\n1.负责公司卫星物联网业务平台的整体架构设计与技术演进规划，支撑百万级终端接入的系统扩展需求；\n2.主导物联网平台微服务化、模块化设计，实现高可靠、高可用、高并发的业务架构；\n3.制定物联网平台数据采集、设备管理、业务规则引擎、实时数据处理等核心模块的技术方案；\n4.推动架构落地，指导开发团队实现关键技术模块，解决性能、稳定性、扩展性等架构级问题；\n5.建立并推广物联网平台开发规范、技术标准和部署运维体系，提升团队整体交付质量。\n\n岗位要求：\n【岗位要求】\n1.统招本科及以上学历，计算机相关专业，8年以上Java开发经验，5年以上大型分布式系统架构设计经验；\n2.必须具有物联网平台架构经验，熟悉设备接入、消息协议、数据采集、状态监控等典型物联网业务场景；\n3.精通领域驱动设计，具备微服务拆分、服务治理、分布式事务等实战经验；\n4.熟悉Redis、Kafka、MySQL、Elasticsearch等中间件，具备高并发场景下的性能调优经验；\n5.精通SpringBoot、SpringCloud、MyBatis等主流框架，熟悉Docker、K8s等容器化部署与运维；\n6.具备良好的系统规划能力，能输出清晰的技术架构文档，并具备较强的团队协作与客户沟通能力；\n7.有低代码/无代码平台、规则引擎、大数据处理经验者优先；\n8.了解卫星通信、窄带物联网（NB-IoT/LoRa）等通信协议或行业背景者优先。', '活跃度': '7天内活跃'}
[2026-03-05 21:11:23] [DEBUG] [main/execute_search] - 🧼 字段清洗后参数: {'职位名称': '资深Java架构师 卫星物联网', '公司名称': '成都卫讯科技有限公司', '工作城市': '成都', '经验要求': '8-99', '学历要求': '本科', '年龄要求': nan, '性别要求': nan, '薪资范围': '50W~80W/年', '搜索关键词/摘要': '资深Java架构师（卫星物联网方向） Redis Kafka MySQL Elasticsearch SpringBoot SpringCloud MyBatis Docker K8s NB IoT LoRa 统招 运维', '简历描述对比': '岗位职责：\n【岗位职责】\n1.负责公司卫星物联网业务平台的整体架构设计与技术演进规划，支撑百万级终端接入的系统扩展需求；\n2.主导物联网平台微服务化、模块化设计，实现高可靠、高可用、高并发的业务架构；\n3.制定物联网平台数据采集、设备管理、业务规则引擎、实时数据处理等核心模块的技术方案；\n4.推动架构落地，指导开发团队实现关键技术模块，解决性能、稳定性、扩展性等架构级问题；\n5.建立并推广物联网平台开发规范、技术标准和部署运维体系，提升团队整体交付质量。\n\n岗位要求：\n【岗位要求】\n1.统招本科及以上学历，计算机相关专业，8年以上Java开发经验，5年以上大型分布式系统架构设计经验；\n2.必须具有物联网平台架构经验，熟悉设备接入、消息协议、数据采集、状态监控等典型物联网业务场景；\n3.精通领域驱动设计，具备微服务拆分、服务治理、分布式事务等实战经验；\n4.熟悉Redis、Kafka、MySQL、Elasticsearch等中间件，具备高并发场景下的性能调优经验；\n5.精通SpringBoot、SpringCloud、MyBatis等主流框架，熟悉Docker、K8s等容器化部署与运维；\n6.具备良好的系统规划能力，能输出清晰的技术架构文档，并具备较强的团队协作与客户沟通能力；\n7.有低代码/无代码平台、规则引擎、大数据处理经验者优先；\n8.了解卫星通信、窄带物联网（NB-IoT/LoRa）等通信协议或行业背景者优先。', '活跃度': '7天内活跃'}
[2026-03-05 21:11:23] [INFO] [main/execute_search] - 🌀 [搜索层级] 第一步尝试: 资深Java架构师 卫星物联网
[2026-03-05 21:11:23] [INFO] [LiepinSearch_Extractor/fill_search_condition] - 🔍 准备施加搜索条件: 资深Java架构师 卫星物联网
[2026-03-05 21:11:23] [DEBUG] [LiepinSearch_Extractor/fill_search_condition] - 🤔 [拟人] 执行页面随机沉思沉浸浏览...
[2026-03-05 21:11:25] [DEBUG] [LiepinSearch_Extractor/fill_search_condition] - 📸 截取了开始定位输入框前的界面: debug_before_search_input.png
[2026-03-05 21:11:25] [INFO] [LiepinSearch_Extractor/fill_search_condition] - 🛠️ [Phase 7] 启动稳态预检与交互式表单重构流程...
[2026-03-05 21:11:25] [DEBUG] [LiepinSearch_Extractor/fill_search_condition] - ✅ [稳态预检] 检测到条件搜索基础面板渲染完毕。
[2026-03-05 21:11:26] [DEBUG] [LiepinSearch_Extractor/fill_search_condition] - ⌨️ [隐匿模式] 按序缓注 '资深Java架构师 卫星物联网'...
[2026-03-05 21:11:31] [INFO] [LiepinSearch_Extractor/fill_search_condition] - ✅ 核心职位名称精准拟人注入完成: '资深Java架构师 卫星物联网'
[2026-03-05 21:11:35] [INFO] [LiepinSearch_Extractor/fill_search_condition] - 🎓 [INFO] 成功点选学历 Tag: 本科
[2026-03-05 21:11:38] [INFO] [LiepinSearch_Extractor/fill_search_condition] - ✅ 成功勾选活跃度: 7天内活跃
[2026-03-05 21:11:38] [DEBUG] [LiepinSearch_Extractor/fill_search_condition] - 🔍 [DEBUG] 提交前页面显示的全局活动 Tag: []
[2026-03-05 21:11:42] [INFO] [LiepinSearch_Extractor/process_list_and_save] - 📊 当前条件下命中 0 条，计划抽取前 0 条
[2026-03-05 21:11:42] [WARNING] [main/execute_search] - 📉 [降维触发] 第一步命中 0 条。执行保底回退策略，自动切换至[搜索关键词/摘要]全文搜索：'资深Java架构师（卫星物联网方向） Redis Kafka MySQL Elasticsearch SpringBoot SpringCloud MyBatis Docker K8s NB IoT LoRa 统招 运维'
[2026-03-05 21:11:47] [INFO] [LiepinSearch_Extractor/fill_search_condition] - 🔍 准备施加搜索条件: 资深Java架构师（卫星物联网方向） Redis Kafka MySQL Elasticsearch SpringBoot SpringCloud MyBatis Docker K8s NB IoT LoRa 统招 运维
[2026-03-05 21:11:47] [DEBUG] [LiepinSearch_Extractor/fill_search_condition] - 🤔 [拟人] 执行页面随机沉思沉浸浏览...
[2026-03-05 21:11:49] [DEBUG] [LiepinSearch_Extractor/fill_search_condition] - 📸 截取了开始定位输入框前的界面: debug_before_search_input.png
[2026-03-05 21:11:49] [INFO] [LiepinSearch_Extractor/fill_search_condition] - 🛠️ [Phase 7] 启动稳态预检与交互式表单重构流程...
[2026-03-05 21:11:49] [DEBUG] [LiepinSearch_Extractor/fill_search_condition] - ✅ [稳态预检] 检测到条件搜索基础面板渲染完毕。
[2026-03-05 21:11:51] [DEBUG] [LiepinSearch_Extractor/fill_search_condition] - ⌨️ [隐匿模式] 按序缓注 '资深Java架构师（卫星物联网方向） Redis Kafka MySQL Elasticsearch SpringBoot SpringCloud MyBatis Docker K8s NB IoT LoRa 统招 运维'...
[2026-03-05 21:12:13] [WARNING] [LiepinSearch_Extractor/fill_search_condition] - ⚠️ [WARNING] 输入框字符污染！预期: '资深Java架构师（卫星物联网方向） Redis Kafka MySQL Elasticsearch SpringBoot SpringCloud MyBatis Docker K8s NB IoT LoRa 统招 运维', 实际: '资深Java构师（卫星物联网方向） Redis Kafka MySQL Elasticsearch SpringBoot SpringCloud MyBatis Docker K8s NB IoT L 维'
[2026-03-05 21:12:19] [INFO] [LiepinSearch_Extractor/fill_search_condition] - 🎓 [INFO] 成功点选学历 Tag: 本科
[2026-03-05 21:12:22] [INFO] [LiepinSearch_Extractor/fill_search_condition] - ✅ 成功勾选活跃度: 7天内活跃
[2026-03-05 21:12:22] [DEBUG] [LiepinSearch_Extractor/fill_search_condition] - 🔍 [DEBUG] 提交前页面显示的全局活动 Tag: []
[2026-03-05 21:12:26] [INFO] [LiepinSearch_Extractor/process_list_and_save] - 📊 当前条件下命中 0 条，计划抽取前 0 条
[2026-03-05 21:12:26] [INFO] [main/execute_search] - ♻️ [Reset] 抽取大循环完毕，执行页面重置机制防止特征污染叠加...
[2026-03-05 21:12:30] [INFO] [main/execute_search] - ✅ 第 1 条搜索条件流转并抽调完毕
[2026-03-05 21:12:32] [INFO] [main/execute_search] - =======================
[2026-03-05 21:12:32] [INFO] [main/execute_search] - 🔄 开始执行第 2 条搜索条件
[2026-03-05 21:12:32] [DEBUG] [main/execute_search] - 🧹 字段清洗原参数: {'职位名称': '电力电子博士（大功率电源研发岗）', '公司名称': '山东艾诺智能仪器有限公司', '工作城市': '济南', '经验要求': nan, '学历要求': '①博士/博士后：可接受应届  ②同行业经验5年+的双985、211硕士', '年龄要求': nan, '性别要求': nan, '薪资范围': '40-70W，优秀可谈', '搜索关键词/摘要': '电力电子博士（大功率电源研发岗） 40W 70W AC DC LLC IGBT MOSET PS 产品 经理', '简历描述对比': '岗位职责：\n直接上司职位：总经理/创研院院长\n工作地点*：山东济南\n上班时间：周一到周五8:15-17:15\n职缺原因*：新增☑  替换□\n需求人数*:\t3人\n薪水范围及结构*:年包40W-70W都可以谈，根据人选技术水平可适当上浮。\n补    贴：\t根据人选技术水平再定。\n福    利*:\t☑ 五险一金 ☑ 年终奖 ☑ 带薪年假□ 提供住宿 ☑ 工作餐 □ 交通补贴 ☐ 其他_____\n核心职责*:（可三点内概括）\n1、组织攻克和解决产品开发过程中的关键技术问题和产品生产过程中的重大技术问题\n2、负责电力电子产品的硬件系统规划设计，包含但不仅限于主电路的拓扑研究设计、及控制电路规划设计\n3、负责AC-DC，DC-DC设计，正激、反激、全桥、半桥、LLC等电源的各种拓扑结构设计，功率器件IGBT、MOSET的应用设计\n三、职位基本要求\n硬性要求*：\n1、学历要求：①博士/博士后：可接受应届  ②同行业经验5年+的双92硕士\n2、男士\n3、40岁以下，可根据优秀程度适当放宽1-2岁\n特殊要求:\t无\n四、挖角方向*\n希望候选人来源地区:\t无特殊要求，能接受在济南工作即可。\n希望候选人来源行业:\t行业无特殊要求，要做过工业化场景下大功率电源的，电力电子相关的。\n目标公司：台达电子、汇川、阳光电源、合肥科威尔、西安爱科赛博、威海广泰、青岛仪迪、青岛艾普、济南博奥斯……类似企业都可以\nPS：济南沃森电源的人不要\n\n岗位要求：\n', '活跃度': '7天内活跃'}
[2026-03-05 21:12:32] [DEBUG] [main/execute_search] - 🧼 字段清洗后参数: {'职位名称': '电力电子博士 大功率电源研发', '公司名称': '山东艾诺智能仪器有限公司', '工作城市': '济南', '经验要求': nan, '学历要求': '博士/博士后', '年龄要求': nan, '性别要求': nan, '薪资范围': '40-70W，优秀可谈', '搜索关键词/摘要': '电力电子博士（大功率电源研发岗） 40W 70W AC DC LLC IGBT MOSET PS 产品 经理', '简历描述对比': '岗位职责：\n直接上司职位：总经理/创研院院长\n工作地点*：山东济南\n上班时间：周一到周五8:15-17:15\n职缺原因*：新增☑  替换□\n需求人数*:\t3人\n薪水范围及结构*:年包40W-70W都可以谈，根据人选技术水平可适当上浮。\n补    贴：\t根据人选技术水平再定。\n福    利*:\t☑ 五险一金 ☑ 年终奖 ☑ 带薪年假□ 提供住宿 ☑ 工作餐 □ 交通补贴 ☐ 其他_____\n核心职责*:（可三点内概括）\n1、组织攻克和解决产品开发过程中的关键技术问题和产品生产过程中的重大技术问题\n2、负责电力电子产品的硬件系统规划设计，包含但不仅限于主电路的拓扑研究设计、及控制电路规划设计\n3、负责AC-DC，DC-DC设计，正激、反激、全桥、半桥、LLC等电源的各种拓扑结构设计，功率器件IGBT、MOSET的应用设计\n三、职位基本要求\n硬性要求*：\n1、学历要求：①博士/博士后：可接受应届  ②同行业经验5年+的双92硕士\n2、男士\n3、40岁以下，可根据优秀程度适当放宽1-2岁\n特殊要求:\t无\n四、挖角方向*\n希望候选人来源地区:\t无特殊要求，能接受在济南工作即可。\n希望候选人来源行业:\t行业无特殊要求，要做过工业化场景下大功率电源的，电力电子相关的。\n目标公司：台达电子、汇川、阳光电源、合肥科威尔、西安爱科赛博、威海广泰、青岛仪迪、青岛艾普、济南博奥斯……类似企业都可以\nPS：济南沃森电源的人不要\n\n岗位要求：\n', '活跃度': '7天内活跃'}
[2026-03-05 21:12:32] [INFO] [main/execute_search] - 🌀 [搜索层级] 第一步尝试: 电力电子博士 大功率电源研发
[2026-03-05 21:12:32] [INFO] [LiepinSearch_Extractor/fill_search_condition] - 🔍 准备施加搜索条件: 电力电子博士 大功率电源研发
[2026-03-05 21:12:32] [DEBUG] [LiepinSearch_Extractor/fill_search_condition] - 🤔 [拟人] 执行页面随机沉思沉浸浏览...
[2026-03-05 21:12:32] [ERROR] [main/execute_search] - ❌ 处理第 2 条搜索条件时发生致命崩溃: Mouse.wheel: Target page, context or browser has been closed
[2026-03-05 21:12:32] [ERROR] [main/run] - ❌ [致命崩塌] 主协程跑出了未拦截的错误: Page.goto: Target page, context or browser has been closed
[2026-03-05 21:12:32] [INFO] [main/run] - 🧹 正在执行系统资源回收...
[2026-03-05 21:12:34] [INFO] [main/run] - ✅ 退出销毁流程完毕。
